<?xml version="1.0" encoding="UTF-8"?>
<!-- Generated by org.testng.reporters.JUnitReportReporter -->
<testsuite hostname="LTIN589889" failures="0" tests="1" name="restapilearning.OauthPractise" time="2.046" errors="0" timestamp="16 Apr 2025 06:19:21 GMT" skipped="0">
  <testcase classname="restapilearning.OauthPractise" name="oAuthTest" time="2.046"/>
</testsuite> <!-- restapilearning.OauthPractise -->
