<?xml version="1.0" encoding="UTF-8"?>
<!-- Generated by org.testng.reporters.JUnitReportReporter -->
<testsuite hostname="LTIN589889" failures="0" tests="3" name="restapilearning.LibraryAPITest" time="1.757" errors="0" timestamp="15 Apr 2025 06:12:24 GMT" skipped="0">
  <testcase classname="restapilearning.LibraryAPITest" name="addBook" time="0.161"/>
  <testcase classname="restapilearning.LibraryAPITest" name="addBook" time="0.154"/>
  <testcase classname="restapilearning.LibraryAPITest" name="addBook" time="1.442"/>
</testsuite> <!-- restapilearning.LibraryAPITest -->
