<?xml version="1.0" encoding="UTF-8"?>
<!-- Generated by org.testng.reporters.JUnitReportReporter -->
<testsuite hostname="LTIN589889" failures="0" tests="1" name="cucumberFramework.TestRunner.TestRunner" time="2.070" errors="0" timestamp="21 Apr 2025 06:17:01 GMT" skipped="0">
  <testcase classname="cucumberFramework.TestRunner.TestRunner" name="runScenario" time="2.070"/>
</testsuite> <!-- cucumberFramework.TestRunner.TestRunner -->
